d:\dossiers\documents\coding_projects\audio-plugins\cyberdisto\cyberdisto\builds\visualstudio2022\x64\cyberdisto by extra terra\shared code\include_juce_gui_basics.obj
d:\dossiers\documents\coding_projects\audio-plugins\cyberdisto\cyberdisto\builds\visualstudio2022\x64\cyberdisto by extra terra\shared code\include_juce_core.obj
d:\dossiers\documents\coding_projects\audio-plugins\cyberdisto\cyberdisto\builds\visualstudio2022\x64\cyberdisto by extra terra\shared code\include_juce_audio_processors.obj
d:\dossiers\documents\coding_projects\audio-plugins\cyberdisto\cyberdisto\builds\visualstudio2022\x64\cyberdisto by extra terra\shared code\include_juce_graphics.obj
d:\dossiers\documents\coding_projects\audio-plugins\cyberdisto\cyberdisto\builds\visualstudio2022\x64\cyberdisto by extra terra\shared code\include_juce_audio_processors_lv2_libs.obj
d:\dossiers\documents\coding_projects\audio-plugins\cyberdisto\cyberdisto\builds\visualstudio2022\x64\cyberdisto by extra terra\shared code\include_juce_audio_formats.obj
d:\dossiers\documents\coding_projects\audio-plugins\cyberdisto\cyberdisto\builds\visualstudio2022\x64\cyberdisto by extra terra\shared code\include_juce_core_compilationtime.obj
d:\dossiers\documents\coding_projects\audio-plugins\cyberdisto\cyberdisto\builds\visualstudio2022\x64\cyberdisto by extra terra\shared code\include_juce_audio_plugin_client_ara.obj
d:\dossiers\documents\coding_projects\audio-plugins\cyberdisto\cyberdisto\builds\visualstudio2022\x64\cyberdisto by extra terra\shared code\include_juce_audio_basics.obj
d:\dossiers\documents\coding_projects\audio-plugins\cyberdisto\cyberdisto\builds\visualstudio2022\x64\cyberdisto by extra terra\shared code\include_juce_events.obj
d:\dossiers\documents\coding_projects\audio-plugins\cyberdisto\cyberdisto\builds\visualstudio2022\x64\cyberdisto by extra terra\shared code\include_juce_audio_utils.obj
d:\dossiers\documents\coding_projects\audio-plugins\cyberdisto\cyberdisto\builds\visualstudio2022\x64\cyberdisto by extra terra\shared code\include_juce_dsp.obj
d:\dossiers\documents\coding_projects\audio-plugins\cyberdisto\cyberdisto\builds\visualstudio2022\x64\cyberdisto by extra terra\shared code\include_juce_gui_extra.obj
d:\dossiers\documents\coding_projects\audio-plugins\cyberdisto\cyberdisto\builds\visualstudio2022\x64\cyberdisto by extra terra\shared code\include_juce_data_structures.obj
d:\dossiers\documents\coding_projects\audio-plugins\cyberdisto\cyberdisto\builds\visualstudio2022\x64\cyberdisto by extra terra\shared code\include_juce_audio_processors_ara.obj
d:\dossiers\documents\coding_projects\audio-plugins\cyberdisto\cyberdisto\builds\visualstudio2022\x64\cyberdisto by extra terra\shared code\include_juce_graphics_harfbuzz.obj
d:\dossiers\documents\coding_projects\audio-plugins\cyberdisto\cyberdisto\builds\visualstudio2022\x64\cyberdisto by extra terra\shared code\include_juce_audio_devices.obj
d:\dossiers\documents\coding_projects\audio-plugins\cyberdisto\cyberdisto\builds\visualstudio2022\x64\cyberdisto by extra terra\shared code\cyberpunklookandfeel.obj
d:\dossiers\documents\coding_projects\audio-plugins\cyberdisto\cyberdisto\builds\visualstudio2022\x64\cyberdisto by extra terra\shared code\pluginprocessor.obj
d:\dossiers\documents\coding_projects\audio-plugins\cyberdisto\cyberdisto\builds\visualstudio2022\x64\cyberdisto by extra terra\shared code\plugineditor.obj
d:\dossiers\documents\coding_projects\audio-plugins\cyberdisto\cyberdisto\builds\visualstudio2022\x64\cyberdisto by extra terra\shared code\cyberdisto.pdb
d:\dossiers\documents\coding_projects\audio-plugins\cyberdisto\cyberdisto\builds\visualstudio2022\x64\cyberdisto by extra terra\shared code\cyberdisto.lib
d:\dossiers\documents\coding_projects\audio-plugins\cyberdisto\cyberdisto\builds\visualstudio2022\x64\cyberdisto by extra terra\shared code\cyberdis.0b6f41f3.tlog\cl.11164.write.1.tlog
d:\dossiers\documents\coding_projects\audio-plugins\cyberdisto\cyberdisto\builds\visualstudio2022\x64\cyberdisto by extra terra\shared code\cyberdis.0b6f41f3.tlog\cl.command.1.tlog
d:\dossiers\documents\coding_projects\audio-plugins\cyberdisto\cyberdisto\builds\visualstudio2022\x64\cyberdisto by extra terra\shared code\cyberdis.0b6f41f3.tlog\cl.read.1.tlog
d:\dossiers\documents\coding_projects\audio-plugins\cyberdisto\cyberdisto\builds\visualstudio2022\x64\cyberdisto by extra terra\shared code\cyberdis.0b6f41f3.tlog\lib-link.read.1.tlog
d:\dossiers\documents\coding_projects\audio-plugins\cyberdisto\cyberdisto\builds\visualstudio2022\x64\cyberdisto by extra terra\shared code\cyberdis.0b6f41f3.tlog\lib-link.write.1.tlog
d:\dossiers\documents\coding_projects\audio-plugins\cyberdisto\cyberdisto\builds\visualstudio2022\x64\cyberdisto by extra terra\shared code\cyberdis.0b6f41f3.tlog\lib.command.1.tlog
