  PluginProcessor.cpp
  PluginEditor.cpp
  include_juce_audio_basics.cpp
  include_juce_audio_devices.cpp
  include_juce_audio_formats.cpp
  include_juce_audio_plugin_client_ARA.cpp
  include_juce_audio_processors_ara.cpp
  include_juce_audio_processors_lv2_libs.cpp
  include_juce_audio_utils.cpp
  include_juce_core_CompilationTime.cpp
  include_juce_data_structures.cpp
  include_juce_events.cpp
  include_juce_graphics_Harfbuzz.cpp
  include_juce_gui_extra.cpp
D:\Dossiers\Documents\Coding_projects\Audio-Plugins\CyberDisto\CyberDisto\Source\PluginProcessor.h(85,11): error C2039: 'dsp' n'est pas membre de 'juce'
  (compiler le fichier source '../../Source/PluginProcessor.cpp')
      C:\JUCE\modules\juce_audio_utils\audio_cd\juce_AudioCDReader.h(35,11):
      voir la déclaration de 'juce'
  
D:\Dossiers\Documents\Coding_projects\Audio-Plugins\CyberDisto\CyberDisto\Source\PluginProcessor.h(85,11): error C3083: 'dsp' : le symbole situé à gauche de '::' doit être un type
  (compiler le fichier source '../../Source/PluginProcessor.cpp')
  
D:\Dossiers\Documents\Coding_projects\Audio-Plugins\CyberDisto\CyberDisto\Source\PluginProcessor.h(85,16): error C2039: 'ProcessorDuplicator' n'est pas membre de 'juce'
  (compiler le fichier source '../../Source/PluginProcessor.cpp')
      C:\JUCE\modules\juce_audio_utils\audio_cd\juce_AudioCDReader.h(35,11):
      voir la déclaration de 'juce'
  
D:\Dossiers\Documents\Coding_projects\Audio-Plugins\CyberDisto\CyberDisto\Source\PluginProcessor.h(85,35): error C2143: erreur de syntaxe : absence de ';' avant '<'
  (compiler le fichier source '../../Source/PluginProcessor.cpp')
  
D:\Dossiers\Documents\Coding_projects\Audio-Plugins\CyberDisto\CyberDisto\Source\PluginProcessor.h(85,16): error C4430: spécificateur de type manquant - int est pris en compte par défaut. Remarque : C++ ne prend pas en charge int par défaut
  (compiler le fichier source '../../Source/PluginProcessor.cpp')
  
D:\Dossiers\Documents\Coding_projects\Audio-Plugins\CyberDisto\CyberDisto\Source\PluginProcessor.h(85,42): error C2039: 'dsp' n'est pas membre de 'juce'
  (compiler le fichier source '../../Source/PluginProcessor.cpp')
      C:\JUCE\modules\juce_audio_utils\audio_cd\juce_AudioCDReader.h(35,11):
      voir la déclaration de 'juce'
  
D:\Dossiers\Documents\Coding_projects\Audio-Plugins\CyberDisto\CyberDisto\Source\PluginProcessor.h(85,47): error C2039: 'IIR' n'est pas membre de 'juce'
  (compiler le fichier source '../../Source/PluginProcessor.cpp')
      C:\JUCE\modules\juce_audio_utils\audio_cd\juce_AudioCDReader.h(35,11):
      voir la déclaration de 'juce'
  
D:\Dossiers\Documents\Coding_projects\Audio-Plugins\CyberDisto\CyberDisto\Source\PluginProcessor.h(85,42): error C3083: 'dsp' : le symbole situé à gauche de '::' doit être un type
  (compiler le fichier source '../../Source/PluginProcessor.cpp')
  
D:\Dossiers\Documents\Coding_projects\Audio-Plugins\CyberDisto\CyberDisto\Source\PluginProcessor.h(85,47): error C3083: 'IIR' : le symbole situé à gauche de '::' doit être un type
  (compiler le fichier source '../../Source/PluginProcessor.cpp')
  
D:\Dossiers\Documents\Coding_projects\Audio-Plugins\CyberDisto\CyberDisto\Source\PluginProcessor.h(85,52): error C2039: 'Filter' n'est pas membre de 'juce'
  (compiler le fichier source '../../Source/PluginProcessor.cpp')
      C:\JUCE\modules\juce_audio_utils\audio_cd\juce_AudioCDReader.h(35,11):
      voir la déclaration de 'juce'
  
D:\Dossiers\Documents\Coding_projects\Audio-Plugins\CyberDisto\CyberDisto\Source\PluginProcessor.h(85,73): error C2039: 'dsp' n'est pas membre de 'juce'
  (compiler le fichier source '../../Source/PluginProcessor.cpp')
      C:\JUCE\modules\juce_audio_utils\audio_cd\juce_AudioCDReader.h(35,11):
      voir la déclaration de 'juce'
  
D:\Dossiers\Documents\Coding_projects\Audio-Plugins\CyberDisto\CyberDisto\Source\PluginProcessor.h(85,78): error C2039: 'IIR' n'est pas membre de 'juce'
  (compiler le fichier source '../../Source/PluginProcessor.cpp')
      C:\JUCE\modules\juce_audio_utils\audio_cd\juce_AudioCDReader.h(35,11):
      voir la déclaration de 'juce'
  
D:\Dossiers\Documents\Coding_projects\Audio-Plugins\CyberDisto\CyberDisto\Source\PluginProcessor.h(85,73): error C3083: 'dsp' : le symbole situé à gauche de '::' doit être un type
  (compiler le fichier source '../../Source/PluginProcessor.cpp')
  
D:\Dossiers\Documents\Coding_projects\Audio-Plugins\CyberDisto\CyberDisto\Source\PluginProcessor.h(85,78): error C3083: 'IIR' : le symbole situé à gauche de '::' doit être un type
  (compiler le fichier source '../../Source/PluginProcessor.cpp')
  
D:\Dossiers\Documents\Coding_projects\Audio-Plugins\CyberDisto\CyberDisto\Source\PluginProcessor.h(85,83): error C2039: 'Coefficients' n'est pas membre de 'juce'
  (compiler le fichier source '../../Source/PluginProcessor.cpp')
      C:\JUCE\modules\juce_audio_utils\audio_cd\juce_AudioCDReader.h(35,11):
      voir la déclaration de 'juce'
  
D:\Dossiers\Documents\Coding_projects\Audio-Plugins\CyberDisto\CyberDisto\Source\PluginProcessor.h(85,117): error C2238: jetons inattendus avant ';'
  (compiler le fichier source '../../Source/PluginProcessor.cpp')
  
D:\Dossiers\Documents\Coding_projects\Audio-Plugins\CyberDisto\CyberDisto\Source\PluginProcessor.h(86,11): error C2039: 'dsp' n'est pas membre de 'juce'
  (compiler le fichier source '../../Source/PluginProcessor.cpp')
      C:\JUCE\modules\juce_audio_utils\audio_cd\juce_AudioCDReader.h(35,11):
      voir la déclaration de 'juce'
  
D:\Dossiers\Documents\Coding_projects\Audio-Plugins\CyberDisto\CyberDisto\Source\PluginProcessor.h(86,11): error C3083: 'dsp' : le symbole situé à gauche de '::' doit être un type
  (compiler le fichier source '../../Source/PluginProcessor.cpp')
  
D:\Dossiers\Documents\Coding_projects\Audio-Plugins\CyberDisto\CyberDisto\Source\PluginProcessor.h(86,16): error C2039: 'Compressor' n'est pas membre de 'juce'
  (compiler le fichier source '../../Source/PluginProcessor.cpp')
      C:\JUCE\modules\juce_audio_utils\audio_cd\juce_AudioCDReader.h(35,11):
      voir la déclaration de 'juce'
  
D:\Dossiers\Documents\Coding_projects\Audio-Plugins\CyberDisto\CyberDisto\Source\PluginProcessor.h(86,26): error C2143: erreur de syntaxe : absence de ';' avant '<'
  (compiler le fichier source '../../Source/PluginProcessor.cpp')
  
D:\Dossiers\Documents\Coding_projects\Audio-Plugins\CyberDisto\CyberDisto\Source\PluginProcessor.h(86,16): error C4430: spécificateur de type manquant - int est pris en compte par défaut. Remarque : C++ ne prend pas en charge int par défaut
  (compiler le fichier source '../../Source/PluginProcessor.cpp')
  
D:\Dossiers\Documents\Coding_projects\Audio-Plugins\CyberDisto\CyberDisto\Source\PluginProcessor.h(86,44): error C2238: jetons inattendus avant ';'
  (compiler le fichier source '../../Source/PluginProcessor.cpp')
  
D:\Dossiers\Documents\Coding_projects\Audio-Plugins\CyberDisto\CyberDisto\Source\PluginEditor.h(25,26): error C3646: 'cyberpunkLookAndFeel' : spécificateur de substitution inconnu
  (compiler le fichier source '../../Source/PluginProcessor.cpp')
  
D:\Dossiers\Documents\Coding_projects\Audio-Plugins\CyberDisto\CyberDisto\Source\PluginEditor.h(25,5): error C4430: spécificateur de type manquant - int est pris en compte par défaut. Remarque : C++ ne prend pas en charge int par défaut
  (compiler le fichier source '../../Source/PluginProcessor.cpp')
  
D:\Dossiers\Documents\Coding_projects\Audio-Plugins\CyberDisto\CyberDisto\Source\PluginProcessor.cpp(175,25): error C2065: 'lowPassFilter' : identificateur non déclaré
D:\Dossiers\Documents\Coding_projects\Audio-Plugins\CyberDisto\CyberDisto\Source\PluginProcessor.cpp(178,25): error C2065: 'compressor' : identificateur non déclaré
D:\Dossiers\Documents\Coding_projects\Audio-Plugins\CyberDisto\CyberDisto\Source\PluginProcessor.cpp(192,33): error C2084: la fonction 'float CyberDistoAudioProcessor::softClip(float)' a déjà un corps
      D:\Dossiers\Documents\Coding_projects\Audio-Plugins\CyberDisto\CyberDisto\Source\PluginProcessor.h(89,11):
      voir la définition précédente de « CyberDistoAudioProcessor::softClip »
  
D:\Dossiers\Documents\Coding_projects\Audio-Plugins\CyberDisto\CyberDisto\Source\PluginProcessor.cpp(202,18): error C2039: 'dsp' n'est pas membre de 'juce'
      C:\JUCE\modules\juce_audio_utils\audio_cd\juce_AudioCDReader.h(35,11):
      voir la déclaration de 'juce'
  
D:\Dossiers\Documents\Coding_projects\Audio-Plugins\CyberDisto\CyberDisto\Source\PluginProcessor.cpp(202,23): error C2039: 'IIR' n'est pas membre de 'juce'
      C:\JUCE\modules\juce_audio_utils\audio_cd\juce_AudioCDReader.h(35,11):
      voir la déclaration de 'juce'
  
D:\Dossiers\Documents\Coding_projects\Audio-Plugins\CyberDisto\CyberDisto\Source\PluginProcessor.cpp(202,18): error C3083: 'dsp' : le symbole situé à gauche de '::' doit être un type
D:\Dossiers\Documents\Coding_projects\Audio-Plugins\CyberDisto\CyberDisto\Source\PluginProcessor.cpp(202,23): error C3083: 'IIR' : le symbole situé à gauche de '::' doit être un type
D:\Dossiers\Documents\Coding_projects\Audio-Plugins\CyberDisto\CyberDisto\Source\PluginProcessor.cpp(202,28): error C2039: 'Coefficients' n'est pas membre de 'juce'
      C:\JUCE\modules\juce_audio_utils\audio_cd\juce_AudioCDReader.h(35,11):
      voir la déclaration de 'juce'
  
D:\Dossiers\Documents\Coding_projects\Audio-Plugins\CyberDisto\CyberDisto\Source\PluginProcessor.cpp(202,40): error C2143: erreur de syntaxe : absence de ';' avant '<'
D:\Dossiers\Documents\Coding_projects\Audio-Plugins\CyberDisto\CyberDisto\Source\PluginProcessor.cpp(202,28): error C4430: spécificateur de type manquant - int est pris en compte par défaut. Remarque : C++ ne prend pas en charge int par défaut
D:\Dossiers\Documents\Coding_projects\Audio-Plugins\CyberDisto\CyberDisto\Source\PluginProcessor.cpp(202,49): error C2039: 'Ptr' n'est pas membre de '`global namespace''
D:\Dossiers\Documents\Coding_projects\Audio-Plugins\CyberDisto\CyberDisto\Source\PluginProcessor.cpp(203,15): error C2039: 'dsp' n'est pas membre de 'juce'
      C:\JUCE\modules\juce_audio_utils\audio_cd\juce_AudioCDReader.h(35,11):
      voir la déclaration de 'juce'
  
D:\Dossiers\Documents\Coding_projects\Audio-Plugins\CyberDisto\CyberDisto\Source\PluginProcessor.cpp(203,20): error C2039: 'IIR' n'est pas membre de 'juce'
      C:\JUCE\modules\juce_audio_utils\audio_cd\juce_AudioCDReader.h(35,11):
      voir la déclaration de 'juce'
  
D:\Dossiers\Documents\Coding_projects\Audio-Plugins\CyberDisto\CyberDisto\Source\PluginProcessor.cpp(203,15): error C3083: 'dsp' : le symbole situé à gauche de '::' doit être un type
D:\Dossiers\Documents\Coding_projects\Audio-Plugins\CyberDisto\CyberDisto\Source\PluginProcessor.cpp(203,20): error C3083: 'IIR' : le symbole situé à gauche de '::' doit être un type
D:\Dossiers\Documents\Coding_projects\Audio-Plugins\CyberDisto\CyberDisto\Source\PluginProcessor.cpp(203,25): error C2039: 'Coefficients' n'est pas membre de 'juce'
      C:\JUCE\modules\juce_audio_utils\audio_cd\juce_AudioCDReader.h(35,11):
      voir la déclaration de 'juce'
  
D:\Dossiers\Documents\Coding_projects\Audio-Plugins\CyberDisto\CyberDisto\Source\PluginProcessor.cpp(203,46): error C2039: 'makePeakFilter' n'est pas membre de '`global namespace''
D:\Dossiers\Documents\Coding_projects\Audio-Plugins\CyberDisto\CyberDisto\Source\PluginProcessor.cpp(205,18): error C2039: 'dsp' n'est pas membre de 'juce'
      C:\JUCE\modules\juce_audio_utils\audio_cd\juce_AudioCDReader.h(35,11):
      voir la déclaration de 'juce'
  
D:\Dossiers\Documents\Coding_projects\Audio-Plugins\CyberDisto\CyberDisto\Source\PluginProcessor.cpp(205,23): error C2039: 'IIR' n'est pas membre de 'juce'
      C:\JUCE\modules\juce_audio_utils\audio_cd\juce_AudioCDReader.h(35,11):
      voir la déclaration de 'juce'
  
D:\Dossiers\Documents\Coding_projects\Audio-Plugins\CyberDisto\CyberDisto\Source\PluginProcessor.cpp(205,18): error C3083: 'dsp' : le symbole situé à gauche de '::' doit être un type
D:\Dossiers\Documents\Coding_projects\Audio-Plugins\CyberDisto\CyberDisto\Source\PluginProcessor.cpp(205,23): error C3083: 'IIR' : le symbole situé à gauche de '::' doit être un type
D:\Dossiers\Documents\Coding_projects\Audio-Plugins\CyberDisto\CyberDisto\Source\PluginProcessor.cpp(205,28): error C2039: 'Filter' n'est pas membre de 'juce'
      C:\JUCE\modules\juce_audio_utils\audio_cd\juce_AudioCDReader.h(35,11):
      voir la déclaration de 'juce'
  
D:\Dossiers\Documents\Coding_projects\Audio-Plugins\CyberDisto\CyberDisto\Source\PluginProcessor.cpp(205,34): error C2143: erreur de syntaxe : absence de ';' avant '<'
D:\Dossiers\Documents\Coding_projects\Audio-Plugins\CyberDisto\CyberDisto\Source\PluginProcessor.cpp(205,28): error C4430: spécificateur de type manquant - int est pris en compte par défaut. Remarque : C++ ne prend pas en charge int par défaut
D:\Dossiers\Documents\Coding_projects\Audio-Plugins\CyberDisto\CyberDisto\Source\PluginProcessor.cpp(206,5): error C2065: 'eqFilter' : identificateur non déclaré
D:\Dossiers\Documents\Coding_projects\Audio-Plugins\CyberDisto\CyberDisto\Source\PluginProcessor.cpp(206,30): error C2065: 'eqCoeffs' : identificateur non déclaré
D:\Dossiers\Documents\Coding_projects\Audio-Plugins\CyberDisto\CyberDisto\Source\PluginProcessor.cpp(208,12): error C2065: 'eqFilter' : identificateur non déclaré
D:\Dossiers\Documents\Coding_projects\Audio-Plugins\CyberDisto\CyberDisto\Source\PluginProcessor.h(85,11): error C2039: 'dsp' n'est pas membre de 'juce'
  (compiler le fichier source '../../Source/PluginEditor.cpp')
      C:\JUCE\modules\juce_audio_utils\audio_cd\juce_AudioCDReader.h(35,11):
      voir la déclaration de 'juce'
  
D:\Dossiers\Documents\Coding_projects\Audio-Plugins\CyberDisto\CyberDisto\Source\PluginProcessor.h(85,11): error C3083: 'dsp' : le symbole situé à gauche de '::' doit être un type
  (compiler le fichier source '../../Source/PluginEditor.cpp')
  
D:\Dossiers\Documents\Coding_projects\Audio-Plugins\CyberDisto\CyberDisto\Source\PluginProcessor.h(85,16): error C2039: 'ProcessorDuplicator' n'est pas membre de 'juce'
  (compiler le fichier source '../../Source/PluginEditor.cpp')
      C:\JUCE\modules\juce_audio_utils\audio_cd\juce_AudioCDReader.h(35,11):
      voir la déclaration de 'juce'
  
D:\Dossiers\Documents\Coding_projects\Audio-Plugins\CyberDisto\CyberDisto\Source\PluginProcessor.h(85,35): error C2143: erreur de syntaxe : absence de ';' avant '<'
  (compiler le fichier source '../../Source/PluginEditor.cpp')
  
D:\Dossiers\Documents\Coding_projects\Audio-Plugins\CyberDisto\CyberDisto\Source\PluginProcessor.h(85,16): error C4430: spécificateur de type manquant - int est pris en compte par défaut. Remarque : C++ ne prend pas en charge int par défaut
  (compiler le fichier source '../../Source/PluginEditor.cpp')
  
D:\Dossiers\Documents\Coding_projects\Audio-Plugins\CyberDisto\CyberDisto\Source\PluginProcessor.h(85,42): error C2039: 'dsp' n'est pas membre de 'juce'
  (compiler le fichier source '../../Source/PluginEditor.cpp')
      C:\JUCE\modules\juce_audio_utils\audio_cd\juce_AudioCDReader.h(35,11):
      voir la déclaration de 'juce'
  
D:\Dossiers\Documents\Coding_projects\Audio-Plugins\CyberDisto\CyberDisto\Source\PluginProcessor.h(85,47): error C2039: 'IIR' n'est pas membre de 'juce'
  (compiler le fichier source '../../Source/PluginEditor.cpp')
      C:\JUCE\modules\juce_audio_utils\audio_cd\juce_AudioCDReader.h(35,11):
      voir la déclaration de 'juce'
  
D:\Dossiers\Documents\Coding_projects\Audio-Plugins\CyberDisto\CyberDisto\Source\PluginProcessor.h(85,42): error C3083: 'dsp' : le symbole situé à gauche de '::' doit être un type
  (compiler le fichier source '../../Source/PluginEditor.cpp')
  
D:\Dossiers\Documents\Coding_projects\Audio-Plugins\CyberDisto\CyberDisto\Source\PluginProcessor.h(85,47): error C3083: 'IIR' : le symbole situé à gauche de '::' doit être un type
  (compiler le fichier source '../../Source/PluginEditor.cpp')
  
D:\Dossiers\Documents\Coding_projects\Audio-Plugins\CyberDisto\CyberDisto\Source\PluginProcessor.h(85,52): error C2039: 'Filter' n'est pas membre de 'juce'
  (compiler le fichier source '../../Source/PluginEditor.cpp')
      C:\JUCE\modules\juce_audio_utils\audio_cd\juce_AudioCDReader.h(35,11):
      voir la déclaration de 'juce'
  
D:\Dossiers\Documents\Coding_projects\Audio-Plugins\CyberDisto\CyberDisto\Source\PluginProcessor.h(85,73): error C2039: 'dsp' n'est pas membre de 'juce'
  (compiler le fichier source '../../Source/PluginEditor.cpp')
      C:\JUCE\modules\juce_audio_utils\audio_cd\juce_AudioCDReader.h(35,11):
      voir la déclaration de 'juce'
  
D:\Dossiers\Documents\Coding_projects\Audio-Plugins\CyberDisto\CyberDisto\Source\PluginProcessor.h(85,78): error C2039: 'IIR' n'est pas membre de 'juce'
  (compiler le fichier source '../../Source/PluginEditor.cpp')
      C:\JUCE\modules\juce_audio_utils\audio_cd\juce_AudioCDReader.h(35,11):
      voir la déclaration de 'juce'
  
D:\Dossiers\Documents\Coding_projects\Audio-Plugins\CyberDisto\CyberDisto\Source\PluginProcessor.h(85,73): error C3083: 'dsp' : le symbole situé à gauche de '::' doit être un type
  (compiler le fichier source '../../Source/PluginEditor.cpp')
  
D:\Dossiers\Documents\Coding_projects\Audio-Plugins\CyberDisto\CyberDisto\Source\PluginProcessor.h(85,78): error C3083: 'IIR' : le symbole situé à gauche de '::' doit être un type
  (compiler le fichier source '../../Source/PluginEditor.cpp')
  
D:\Dossiers\Documents\Coding_projects\Audio-Plugins\CyberDisto\CyberDisto\Source\PluginProcessor.h(85,83): error C2039: 'Coefficients' n'est pas membre de 'juce'
  (compiler le fichier source '../../Source/PluginEditor.cpp')
      C:\JUCE\modules\juce_audio_utils\audio_cd\juce_AudioCDReader.h(35,11):
      voir la déclaration de 'juce'
  
D:\Dossiers\Documents\Coding_projects\Audio-Plugins\CyberDisto\CyberDisto\Source\PluginProcessor.h(85,117): error C2238: jetons inattendus avant ';'
  (compiler le fichier source '../../Source/PluginEditor.cpp')
  
D:\Dossiers\Documents\Coding_projects\Audio-Plugins\CyberDisto\CyberDisto\Source\PluginProcessor.h(86,11): error C2039: 'dsp' n'est pas membre de 'juce'
  (compiler le fichier source '../../Source/PluginEditor.cpp')
      C:\JUCE\modules\juce_audio_utils\audio_cd\juce_AudioCDReader.h(35,11):
      voir la déclaration de 'juce'
  
D:\Dossiers\Documents\Coding_projects\Audio-Plugins\CyberDisto\CyberDisto\Source\PluginProcessor.h(86,11): error C3083: 'dsp' : le symbole situé à gauche de '::' doit être un type
  (compiler le fichier source '../../Source/PluginEditor.cpp')
  
D:\Dossiers\Documents\Coding_projects\Audio-Plugins\CyberDisto\CyberDisto\Source\PluginProcessor.h(86,16): error C2039: 'Compressor' n'est pas membre de 'juce'
  (compiler le fichier source '../../Source/PluginEditor.cpp')
      C:\JUCE\modules\juce_audio_utils\audio_cd\juce_AudioCDReader.h(35,11):
      voir la déclaration de 'juce'
  
D:\Dossiers\Documents\Coding_projects\Audio-Plugins\CyberDisto\CyberDisto\Source\PluginProcessor.h(86,26): error C2143: erreur de syntaxe : absence de ';' avant '<'
  (compiler le fichier source '../../Source/PluginEditor.cpp')
  
D:\Dossiers\Documents\Coding_projects\Audio-Plugins\CyberDisto\CyberDisto\Source\PluginProcessor.h(86,16): error C4430: spécificateur de type manquant - int est pris en compte par défaut. Remarque : C++ ne prend pas en charge int par défaut
  (compiler le fichier source '../../Source/PluginEditor.cpp')
  
D:\Dossiers\Documents\Coding_projects\Audio-Plugins\CyberDisto\CyberDisto\Source\PluginProcessor.h(86,44): error C2238: jetons inattendus avant ';'
  (compiler le fichier source '../../Source/PluginEditor.cpp')
  
D:\Dossiers\Documents\Coding_projects\Audio-Plugins\CyberDisto\CyberDisto\Source\PluginEditor.h(25,26): error C3646: 'cyberpunkLookAndFeel' : spécificateur de substitution inconnu
  (compiler le fichier source '../../Source/PluginEditor.cpp')
  
D:\Dossiers\Documents\Coding_projects\Audio-Plugins\CyberDisto\CyberDisto\Source\PluginEditor.h(25,5): error C4430: spécificateur de type manquant - int est pris en compte par défaut. Remarque : C++ ne prend pas en charge int par défaut
  (compiler le fichier source '../../Source/PluginEditor.cpp')
  
D:\Dossiers\Documents\Coding_projects\Audio-Plugins\CyberDisto\CyberDisto\Source\PluginEditor.cpp(33,59): warning C4244: 'argument' : conversion de 'int' en 'ValueType', perte possible de données
D:\Dossiers\Documents\Coding_projects\Audio-Plugins\CyberDisto\CyberDisto\Source\PluginEditor.cpp(33,59): warning C4244:         with
D:\Dossiers\Documents\Coding_projects\Audio-Plugins\CyberDisto\CyberDisto\Source\PluginEditor.cpp(33,59): warning C4244:         [
D:\Dossiers\Documents\Coding_projects\Audio-Plugins\CyberDisto\CyberDisto\Source\PluginEditor.cpp(33,59): warning C4244:             ValueType=float
D:\Dossiers\Documents\Coding_projects\Audio-Plugins\CyberDisto\CyberDisto\Source\PluginEditor.cpp(33,59): warning C4244:         ]
D:\Dossiers\Documents\Coding_projects\Audio-Plugins\CyberDisto\CyberDisto\Source\PluginEditor.cpp(33,52): warning C4244: 'argument' : conversion de 'int' en 'ValueType', perte possible de données
D:\Dossiers\Documents\Coding_projects\Audio-Plugins\CyberDisto\CyberDisto\Source\PluginEditor.cpp(33,52): warning C4244:         with
D:\Dossiers\Documents\Coding_projects\Audio-Plugins\CyberDisto\CyberDisto\Source\PluginEditor.cpp(33,52): warning C4244:         [
D:\Dossiers\Documents\Coding_projects\Audio-Plugins\CyberDisto\CyberDisto\Source\PluginEditor.cpp(33,52): warning C4244:             ValueType=float
D:\Dossiers\Documents\Coding_projects\Audio-Plugins\CyberDisto\CyberDisto\Source\PluginEditor.cpp(33,52): warning C4244:         ]
D:\Dossiers\Documents\Coding_projects\Audio-Plugins\CyberDisto\CyberDisto\Source\PluginEditor.cpp(33,49): warning C4244: 'argument' : conversion de 'int' en 'ValueType', perte possible de données
D:\Dossiers\Documents\Coding_projects\Audio-Plugins\CyberDisto\CyberDisto\Source\PluginEditor.cpp(33,49): warning C4244:         with
D:\Dossiers\Documents\Coding_projects\Audio-Plugins\CyberDisto\CyberDisto\Source\PluginEditor.cpp(33,49): warning C4244:         [
D:\Dossiers\Documents\Coding_projects\Audio-Plugins\CyberDisto\CyberDisto\Source\PluginEditor.cpp(33,49): warning C4244:             ValueType=float
D:\Dossiers\Documents\Coding_projects\Audio-Plugins\CyberDisto\CyberDisto\Source\PluginEditor.cpp(33,49): warning C4244:         ]
D:\Dossiers\Documents\Coding_projects\Audio-Plugins\CyberDisto\CyberDisto\Source\PluginEditor.cpp(33,46): warning C4244: 'argument' : conversion de 'int' en 'ValueType', perte possible de données
D:\Dossiers\Documents\Coding_projects\Audio-Plugins\CyberDisto\CyberDisto\Source\PluginEditor.cpp(33,46): warning C4244:         with
D:\Dossiers\Documents\Coding_projects\Audio-Plugins\CyberDisto\CyberDisto\Source\PluginEditor.cpp(33,46): warning C4244:         [
D:\Dossiers\Documents\Coding_projects\Audio-Plugins\CyberDisto\CyberDisto\Source\PluginEditor.cpp(33,46): warning C4244:             ValueType=float
D:\Dossiers\Documents\Coding_projects\Audio-Plugins\CyberDisto\CyberDisto\Source\PluginEditor.cpp(33,46): warning C4244:         ]
D:\Dossiers\Documents\Coding_projects\Audio-Plugins\CyberDisto\CyberDisto\Source\PluginEditor.cpp(63,56): warning C4996: 'juce::Font::Font': Use the constructor that takes a FontOptions argument
D:\Dossiers\Documents\Coding_projects\Audio-Plugins\CyberDisto\CyberDisto\Source\PluginEditor.cpp(71,21): error C2065: 'cyberpunkLookAndFeel' : identificateur non déclaré
D:\Dossiers\Documents\Coding_projects\Audio-Plugins\CyberDisto\CyberDisto\Source\PluginEditor.cpp(134,15): error C2065: 'cyberpunkLookAndFeel' : identificateur non déclaré
D:\Dossiers\Documents\Coding_projects\Audio-Plugins\CyberDisto\CyberDisto\Source\PluginEditor.cpp(137,17): error C2065: 'cyberpunkLookAndFeel' : identificateur non déclaré
D:\Dossiers\Documents\Coding_projects\Audio-Plugins\CyberDisto\CyberDisto\Source\PluginEditor.cpp(139,38): warning C4244: 'argument' : conversion de 'int' en 'float', perte possible de données
D:\Dossiers\Documents\Coding_projects\Audio-Plugins\CyberDisto\CyberDisto\Source\PluginEditor.cpp(139,26): warning C4244: 'argument' : conversion de 'int' en 'float', perte possible de données
D:\Dossiers\Documents\Coding_projects\Audio-Plugins\CyberDisto\CyberDisto\Source\PluginEditor.cpp(139,20): warning C4244: 'argument' : conversion de 'int' en 'float', perte possible de données
D:\Dossiers\Documents\Coding_projects\Audio-Plugins\CyberDisto\CyberDisto\Source\PluginEditor.cpp(142,38): warning C4244: 'argument' : conversion de 'int' en 'float', perte possible de données
D:\Dossiers\Documents\Coding_projects\Audio-Plugins\CyberDisto\CyberDisto\Source\PluginEditor.cpp(142,34): warning C4244: 'argument' : conversion de 'int' en 'float', perte possible de données
D:\Dossiers\Documents\Coding_projects\Audio-Plugins\CyberDisto\CyberDisto\Source\PluginEditor.cpp(142,23): warning C4244: 'argument' : conversion de 'int' en 'float', perte possible de données
D:\Dossiers\Documents\Coding_projects\Audio-Plugins\CyberDisto\CyberDisto\Source\PluginEditor.cpp(146,15): error C2065: 'cyberpunkLookAndFeel' : identificateur non déclaré
D:\Dossiers\Documents\Coding_projects\Audio-Plugins\CyberDisto\CyberDisto\Source\PluginEditor.cpp(147,17): error C2065: 'cyberpunkLookAndFeel' : identificateur non déclaré
D:\Dossiers\Documents\Coding_projects\Audio-Plugins\CyberDisto\CyberDisto\Source\PluginEditor.cpp(192,16): error C2039: 'runModalLoop' n'est pas membre de 'juce::AlertWindow'
      C:\JUCE\modules\juce_gui_basics\windows\juce_AlertWindow.h(53,17):
      voir la déclaration de 'juce::AlertWindow'
  
